<!doctype html>
<html lang="en"><head><meta charSet="utf-8"/><meta http-equiv="X-UA-Compatible" content="IE=edge"/><meta name="viewport" content="width=device-width, initial-scale=1"/><title>Laporan-Harian-Testing</title><link rel="stylesheet" href="assets\app.css"/></head><body data-raw="{&quot;stats&quot;:{&quot;suites&quot;:1,&quot;tests&quot;:1,&quot;passes&quot;:0,&quot;pending&quot;:0,&quot;failures&quot;:1,&quot;start&quot;:&quot;2023-06-07T14:30:54.826Z&quot;,&quot;end&quot;:&quot;2023-06-07T14:31:47.296Z&quot;,&quot;duration&quot;:52470,&quot;testsRegistered&quot;:1,&quot;passPercent&quot;:0,&quot;pendingPercent&quot;:0,&quot;other&quot;:0,&quot;hasOther&quot;:false,&quot;skipped&quot;:0,&quot;hasSkipped&quot;:false},&quot;results&quot;:[{&quot;uuid&quot;:&quot;6fd0d196-a3bd-4e30-a1ed-ae89fb4d5d76&quot;,&quot;title&quot;:&quot;&quot;,&quot;fullFile&quot;:&quot;D:\\allbasic\\nodejs\\selenium\\testingapp\\test\\examples\\dashboard\\classroom\\index.js&quot;,&quot;file&quot;:&quot;\\test\\examples\\dashboard\\classroom\\index.js&quot;,&quot;beforeHooks&quot;:[],&quot;afterHooks&quot;:[],&quot;tests&quot;:[],&quot;suites&quot;:[{&quot;uuid&quot;:&quot;40d21906-5acb-4a78-99fc-25e6d247b072&quot;,&quot;title&quot;:&quot;Classroom&quot;,&quot;fullFile&quot;:&quot;D:\\allbasic\\nodejs\\selenium\\testingapp\\test\\examples\\dashboard\\classroom\\index.js&quot;,&quot;file&quot;:&quot;\\test\\examples\\dashboard\\classroom\\index.js&quot;,&quot;beforeHooks&quot;:[],&quot;afterHooks&quot;:[{&quot;title&quot;:&quot;\&quot;after each\&quot; hook in \&quot;Classroom\&quot;&quot;,&quot;fullTitle&quot;:&quot;Classroom \&quot;after each\&quot; hook in \&quot;Classroom\&quot;&quot;,&quot;timedOut&quot;:false,&quot;duration&quot;:3669,&quot;pass&quot;:false,&quot;fail&quot;:false,&quot;pending&quot;:false,&quot;code&quot;:&quot;await takeScreenshot(driver, path.resolve(`./screenshoot/test/Dashboard/Classroom/index/${(this.test?.parent.tests.findIndex(test =&gt; test.title === this.currentTest.title)) + 1}.png`));\nawait driver.sleep(3000);\nawait driver.quit();&quot;,&quot;err&quot;:{},&quot;uuid&quot;:&quot;77d53228-1c8b-4196-bb43-21975f11732f&quot;,&quot;parentUUID&quot;:&quot;40d21906-5acb-4a78-99fc-25e6d247b072&quot;,&quot;isHook&quot;:true,&quot;skipped&quot;:false}],&quot;tests&quot;:[{&quot;title&quot;:&quot;Check for class card from chrome&quot;,&quot;fullTitle&quot;:&quot;Classroom Check for class card from chrome&quot;,&quot;timedOut&quot;:false,&quot;duration&quot;:48791,&quot;state&quot;:&quot;failed&quot;,&quot;pass&quot;:false,&quot;fail&quot;:true,&quot;pending&quot;:false,&quot;code&quot;:&quot;try {\n// Go to application\ndriver = await goToApp(browser, appHost)\nawait driver.manage().window().maximize();\n\n// login to the application\nawait enterDashboard(driver, user);\n    \nlet textStatus = await driver.executeScript(`return document.querySelectorAll(&#x27;h1.text-welcome&#x27;).length`);\n    \nawait driver.findElement(By.css(&#x27;a i.ri-icon.ri-stack-fill&#x27;)).click();\nerrorMessages = await captureConsoleErrors(driver);\n    \n// Tampilkan data jaringan\nlet userData = await driver.executeScript(\&quot;return window.localStorage.getItem(&#x27;user&#x27;)\&quot;)\nuserData = JSON.parse(userData);\n\nif(errorMessages.length &gt; 0) {\n    throw new Error(errorMessages);\n}\nassert.strictEqual(textStatus &gt; 1, textStatus &gt; 1); \nexpect(userData.id).to.greaterThan(0);\n            } catch (error) {\nexpect.fail(error);\n            }&quot;,&quot;err&quot;:{&quot;message&quot;:&quot;AssertionError: Error: webpack-internal:///./.nuxt/client.js 201:22 TypeError: this.setTabs is not a function\n    at VueComponent.initializeTab (webpack-internal:///./node_modules/babel-loader/lib/index.js?!./node_modules/vue-loader/lib/index.js?!./pages/Dashboard/Classroom/index.vue?vue&amp;type=script&amp;lang=js&amp;:88:12)\n    at VueComponent.created (webpack-internal:///./node_modules/babel-loader/lib/index.js?!./node_modules/vue-loader/lib/index.js?!./pages/Dashboard/Classroom/index.vue?vue&amp;type=script&amp;lang=js&amp;:63:10)\n    at invokeWithErrorHandling (webpack-internal:///./node_modules/vue/dist/vue.runtime.esm.js:3056:61)\n    at callHook$1 (webpack-internal:///./node_modules/vue/dist/vue.runtime.esm.js:4070:13)\n    at Vue._init (webpack-internal:///./node_modules/vue/dist/vue.runtime.esm.js:5726:9)\n    at new VueComponent (webpack-internal:///./node_modules/vue/dist/vue.runtime.esm.js:5859:18)\n    at createComponentInstanceForVnode (webpack-internal:///./node_modules/vue/dist/vue.runtime.esm.js:4581:12)\n    at init (webpack-internal:///./node_modules/vue/dist/vue.runtime.esm.js:4443:52)\n    at merged (webpack-internal:///./node_modules/vue/dist/vue.runtime.esm.js:4598:9)\n    at createComponent (webpack-internal:///./node_modules/vue/dist/vue.runtime.esm.js:6600:17)&quot;,&quot;estack&quot;:&quot;AssertionError: Error: webpack-internal:///./.nuxt/client.js 201:22 TypeError: this.setTabs is not a function\n    at VueComponent.initializeTab (webpack-internal:///./node_modules/babel-loader/lib/index.js?!./node_modules/vue-loader/lib/index.js?!./pages/Dashboard/Classroom/index.vue?vue&amp;type=script&amp;lang=js&amp;:88:12)\n    at VueComponent.created (webpack-internal:///./node_modules/babel-loader/lib/index.js?!./node_modules/vue-loader/lib/index.js?!./pages/Dashboard/Classroom/index.vue?vue&amp;type=script&amp;lang=js&amp;:63:10)\n    at invokeWithErrorHandling (webpack-internal:///./node_modules/vue/dist/vue.runtime.esm.js:3056:61)\n    at callHook$1 (webpack-internal:///./node_modules/vue/dist/vue.runtime.esm.js:4070:13)\n    at Vue._init (webpack-internal:///./node_modules/vue/dist/vue.runtime.esm.js:5726:9)\n    at new VueComponent (webpack-internal:///./node_modules/vue/dist/vue.runtime.esm.js:5859:18)\n    at createComponentInstanceForVnode (webpack-internal:///./node_modules/vue/dist/vue.runtime.esm.js:4581:12)\n    at init (webpack-internal:///./node_modules/vue/dist/vue.runtime.esm.js:4443:52)\n    at merged (webpack-internal:///./node_modules/vue/dist/vue.runtime.esm.js:4598:9)\n    at createComponent (webpack-internal:///./node_modules/vue/dist/vue.runtime.esm.js:6600:17)\n    at Context.&lt;anonymous&gt; (file:///D:/allbasic/nodejs/selenium/testingapp/test/examples/dashboard/classroom/index.js:57:24)\n    at processTicksAndRejections (node:internal/process/task_queues:96:5)&quot;},&quot;uuid&quot;:&quot;05994997-3787-43bc-8fe9-613e347767ff&quot;,&quot;parentUUID&quot;:&quot;40d21906-5acb-4a78-99fc-25e6d247b072&quot;,&quot;isHook&quot;:false,&quot;skipped&quot;:false}],&quot;suites&quot;:[],&quot;passes&quot;:[],&quot;failures&quot;:[&quot;05994997-3787-43bc-8fe9-613e347767ff&quot;],&quot;pending&quot;:[],&quot;skipped&quot;:[],&quot;duration&quot;:48791,&quot;root&quot;:false,&quot;rootEmpty&quot;:false,&quot;_timeout&quot;:0}],&quot;passes&quot;:[],&quot;failures&quot;:[],&quot;pending&quot;:[],&quot;skipped&quot;:[],&quot;duration&quot;:0,&quot;root&quot;:true,&quot;rootEmpty&quot;:true,&quot;_timeout&quot;:0}],&quot;meta&quot;:{&quot;mocha&quot;:{&quot;version&quot;:&quot;10.2.0&quot;},&quot;mochawesome&quot;:{&quot;options&quot;:{&quot;quiet&quot;:false,&quot;reportFilename&quot;:&quot;test-results&quot;,&quot;saveHtml&quot;:true,&quot;saveJson&quot;:true,&quot;consoleReporter&quot;:&quot;spec&quot;,&quot;useInlineDiffs&quot;:false,&quot;code&quot;:true},&quot;version&quot;:&quot;7.1.3&quot;},&quot;marge&quot;:{&quot;options&quot;:{&quot;reportDir&quot;:&quot;testReports&quot;,&quot;reportFilename&quot;:&quot;test-results&quot;,&quot;reportPageTitle&quot;:&quot;Laporan-Harian-Testing&quot;},&quot;version&quot;:&quot;6.2.0&quot;}}}" data-config="{&quot;reportFilename&quot;:&quot;test-results&quot;,&quot;reportDir&quot;:&quot;testReports&quot;,&quot;reportTitle&quot;:&quot;testingapp&quot;,&quot;reportPageTitle&quot;:&quot;Laporan-Harian-Testing&quot;,&quot;inline&quot;:false,&quot;inlineAssets&quot;:false,&quot;cdn&quot;:false,&quot;charts&quot;:false,&quot;enableCharts&quot;:false,&quot;code&quot;:true,&quot;enableCode&quot;:true,&quot;autoOpen&quot;:false,&quot;overwrite&quot;:true,&quot;timestamp&quot;:false,&quot;ts&quot;:false,&quot;showPassed&quot;:true,&quot;showFailed&quot;:true,&quot;showPending&quot;:true,&quot;showSkipped&quot;:false,&quot;showHooks&quot;:&quot;failed&quot;,&quot;saveJson&quot;:true,&quot;saveHtml&quot;:true,&quot;dev&quot;:false,&quot;assetsDir&quot;:&quot;testReports\\assets&quot;,&quot;jsonFile&quot;:&quot;D:\\allbasic\\nodejs\\selenium\\testingapp\\testReports\\test-results.json&quot;,&quot;htmlFile&quot;:&quot;D:\\allbasic\\nodejs\\selenium\\testingapp\\testReports\\test-results.html&quot;}"><div id="report"></div><script src="assets\app.js"></script></body></html>