{
  "stats": {
    "suites": 1,
    "tests": 1,
    "passes": 0,
    "pending": 0,
    "failures": 1,
    "start": "2023-06-07T14:30:54.826Z",
    "end": "2023-06-07T14:31:47.296Z",
    "duration": 52470,
    "testsRegistered": 1,
    "passPercent": 0,
    "pendingPercent": 0,
    "other": 0,
    "hasOther": false,
    "skipped": 0,
    "hasSkipped": false
  },
  "results": [
    {
      "uuid": "6fd0d196-a3bd-4e30-a1ed-ae89fb4d5d76",
      "title": "",
      "fullFile": "D:\\allbasic\\nodejs\\selenium\\testingapp\\test\\examples\\dashboard\\classroom\\index.js",
      "file": "\\test\\examples\\dashboard\\classroom\\index.js",
      "beforeHooks": [],
      "afterHooks": [],
      "tests": [],
      "suites": [
        {
          "uuid": "40d21906-5acb-4a78-99fc-25e6d247b072",
          "title": "Classroom",
          "fullFile": "D:\\allbasic\\nodejs\\selenium\\testingapp\\test\\examples\\dashboard\\classroom\\index.js",
          "file": "\\test\\examples\\dashboard\\classroom\\index.js",
          "beforeHooks": [],
          "afterHooks": [
            {
              "title": "\"after each\" hook in \"Classroom\"",
              "fullTitle": "Classroom \"after each\" hook in \"Classroom\"",
              "timedOut": false,
              "duration": 3669,
              "state": null,
              "speed": null,
              "pass": false,
              "fail": false,
              "pending": false,
              "context": null,
              "code": "await takeScreenshot(driver, path.resolve(`./screenshoot/test/Dashboard/Classroom/index/${(this.test?.parent.tests.findIndex(test => test.title === this.currentTest.title)) + 1}.png`));\nawait driver.sleep(3000);\nawait driver.quit();",
              "err": {},
              "uuid": "77d53228-1c8b-4196-bb43-21975f11732f",
              "parentUUID": "40d21906-5acb-4a78-99fc-25e6d247b072",
              "isHook": true,
              "skipped": false
            }
          ],
          "tests": [
            {
              "title": "Check for class card from chrome",
              "fullTitle": "Classroom Check for class card from chrome",
              "timedOut": false,
              "duration": 48791,
              "state": "failed",
              "speed": null,
              "pass": false,
              "fail": true,
              "pending": false,
              "context": null,
              "code": "try {\n// Go to application\ndriver = await goToApp(browser, appHost)\nawait driver.manage().window().maximize();\n\n// login to the application\nawait enterDashboard(driver, user);\n    \nlet textStatus = await driver.executeScript(`return document.querySelectorAll('h1.text-welcome').length`);\n    \nawait driver.findElement(By.css('a i.ri-icon.ri-stack-fill')).click();\nerrorMessages = await captureConsoleErrors(driver);\n    \n// Tampilkan data jaringan\nlet userData = await driver.executeScript(\"return window.localStorage.getItem('user')\")\nuserData = JSON.parse(userData);\n\nif(errorMessages.length > 0) {\n    throw new Error(errorMessages);\n}\nassert.strictEqual(textStatus > 1, textStatus > 1); \nexpect(userData.id).to.greaterThan(0);\n            } catch (error) {\nexpect.fail(error);\n            }",
              "err": {
                "message": "AssertionError: Error: webpack-internal:///./.nuxt/client.js 201:22 TypeError: this.setTabs is not a function\n    at VueComponent.initializeTab (webpack-internal:///./node_modules/babel-loader/lib/index.js?!./node_modules/vue-loader/lib/index.js?!./pages/Dashboard/Classroom/index.vue?vue&type=script&lang=js&:88:12)\n    at VueComponent.created (webpack-internal:///./node_modules/babel-loader/lib/index.js?!./node_modules/vue-loader/lib/index.js?!./pages/Dashboard/Classroom/index.vue?vue&type=script&lang=js&:63:10)\n    at invokeWithErrorHandling (webpack-internal:///./node_modules/vue/dist/vue.runtime.esm.js:3056:61)\n    at callHook$1 (webpack-internal:///./node_modules/vue/dist/vue.runtime.esm.js:4070:13)\n    at Vue._init (webpack-internal:///./node_modules/vue/dist/vue.runtime.esm.js:5726:9)\n    at new VueComponent (webpack-internal:///./node_modules/vue/dist/vue.runtime.esm.js:5859:18)\n    at createComponentInstanceForVnode (webpack-internal:///./node_modules/vue/dist/vue.runtime.esm.js:4581:12)\n    at init (webpack-internal:///./node_modules/vue/dist/vue.runtime.esm.js:4443:52)\n    at merged (webpack-internal:///./node_modules/vue/dist/vue.runtime.esm.js:4598:9)\n    at createComponent (webpack-internal:///./node_modules/vue/dist/vue.runtime.esm.js:6600:17)",
                "estack": "AssertionError: Error: webpack-internal:///./.nuxt/client.js 201:22 TypeError: this.setTabs is not a function\n    at VueComponent.initializeTab (webpack-internal:///./node_modules/babel-loader/lib/index.js?!./node_modules/vue-loader/lib/index.js?!./pages/Dashboard/Classroom/index.vue?vue&type=script&lang=js&:88:12)\n    at VueComponent.created (webpack-internal:///./node_modules/babel-loader/lib/index.js?!./node_modules/vue-loader/lib/index.js?!./pages/Dashboard/Classroom/index.vue?vue&type=script&lang=js&:63:10)\n    at invokeWithErrorHandling (webpack-internal:///./node_modules/vue/dist/vue.runtime.esm.js:3056:61)\n    at callHook$1 (webpack-internal:///./node_modules/vue/dist/vue.runtime.esm.js:4070:13)\n    at Vue._init (webpack-internal:///./node_modules/vue/dist/vue.runtime.esm.js:5726:9)\n    at new VueComponent (webpack-internal:///./node_modules/vue/dist/vue.runtime.esm.js:5859:18)\n    at createComponentInstanceForVnode (webpack-internal:///./node_modules/vue/dist/vue.runtime.esm.js:4581:12)\n    at init (webpack-internal:///./node_modules/vue/dist/vue.runtime.esm.js:4443:52)\n    at merged (webpack-internal:///./node_modules/vue/dist/vue.runtime.esm.js:4598:9)\n    at createComponent (webpack-internal:///./node_modules/vue/dist/vue.runtime.esm.js:6600:17)\n    at Context.<anonymous> (file:///D:/allbasic/nodejs/selenium/testingapp/test/examples/dashboard/classroom/index.js:57:24)\n    at processTicksAndRejections (node:internal/process/task_queues:96:5)",
                "diff": null
              },
              "uuid": "05994997-3787-43bc-8fe9-613e347767ff",
              "parentUUID": "40d21906-5acb-4a78-99fc-25e6d247b072",
              "isHook": false,
              "skipped": false
            }
          ],
          "suites": [],
          "passes": [],
          "failures": [
            "05994997-3787-43bc-8fe9-613e347767ff"
          ],
          "pending": [],
          "skipped": [],
          "duration": 48791,
          "root": false,
          "rootEmpty": false,
          "_timeout": 0
        }
      ],
      "passes": [],
      "failures": [],
      "pending": [],
      "skipped": [],
      "duration": 0,
      "root": true,
      "rootEmpty": true,
      "_timeout": 0
    }
  ],
  "meta": {
    "mocha": {
      "version": "10.2.0"
    },
    "mochawesome": {
      "options": {
        "quiet": false,
        "reportFilename": "test-results",
        "saveHtml": true,
        "saveJson": true,
        "consoleReporter": "spec",
        "useInlineDiffs": false,
        "code": true
      },
      "version": "7.1.3"
    },
    "marge": {
      "options": {
        "reportDir": "testReports",
        "reportFilename": "test-results",
        "reportPageTitle": "Laporan-Harian-Testing"
      },
      "version": "6.2.0"
    }
  }
}