<!doctype html>
<html lang="en"><head><meta charSet="utf-8"/><meta http-equiv="X-UA-Compatible" content="IE=edge"/><meta name="viewport" content="width=device-width, initial-scale=1"/><title>Laporan-Harian-Testing</title><link rel="stylesheet" href="..\..\..\testReports\assets\app.css"/></head><body data-raw="{&quot;stats&quot;:{&quot;suites&quot;:1,&quot;tests&quot;:1,&quot;passes&quot;:0,&quot;pending&quot;:0,&quot;failures&quot;:1,&quot;start&quot;:&quot;2023-06-11T12:36:09.833Z&quot;,&quot;end&quot;:&quot;2023-06-11T12:36:36.006Z&quot;,&quot;duration&quot;:26173,&quot;testsRegistered&quot;:1,&quot;passPercent&quot;:0,&quot;pendingPercent&quot;:0,&quot;other&quot;:1,&quot;hasOther&quot;:true,&quot;skipped&quot;:0,&quot;hasSkipped&quot;:false},&quot;results&quot;:[{&quot;uuid&quot;:&quot;b2a0aaab-84a7-447e-9bdf-4cc5cff9e025&quot;,&quot;title&quot;:&quot;&quot;,&quot;fullFile&quot;:&quot;D:\\allbasic\\nodejs\\selenium\\testingapp\\test\\app\\login.js&quot;,&quot;file&quot;:&quot;\\test\\app\\login.js&quot;,&quot;beforeHooks&quot;:[],&quot;afterHooks&quot;:[],&quot;tests&quot;:[],&quot;suites&quot;:[{&quot;uuid&quot;:&quot;32561b09-91c7-4fa0-85ca-41378462fb51&quot;,&quot;title&quot;:&quot;Login&quot;,&quot;fullFile&quot;:&quot;D:\\allbasic\\nodejs\\selenium\\testingapp\\test\\app\\login.js&quot;,&quot;file&quot;:&quot;\\test\\app\\login.js&quot;,&quot;beforeHooks&quot;:[],&quot;afterHooks&quot;:[{&quot;title&quot;:&quot;\&quot;after all\&quot; hook in \&quot;Login\&quot;&quot;,&quot;fullTitle&quot;:&quot;Login \&quot;after all\&quot; hook in \&quot;Login\&quot;&quot;,&quot;timedOut&quot;:false,&quot;duration&quot;:0,&quot;pass&quot;:false,&quot;fail&quot;:false,&quot;pending&quot;:false,&quot;code&quot;:&quot;console.log(`${&#x27; &#x27;.repeat(4)}Screenshoots test berhasil di buat, berada di folder: ${screenshootFilePath} `);&quot;,&quot;err&quot;:{},&quot;uuid&quot;:&quot;61168250-dad0-426c-ac8d-16cf1ff461a7&quot;,&quot;parentUUID&quot;:&quot;32561b09-91c7-4fa0-85ca-41378462fb51&quot;,&quot;isHook&quot;:true,&quot;skipped&quot;:false},{&quot;title&quot;:&quot;\&quot;after each\&quot; hook for \&quot;ADMIN - Login to dashboard from browser firefox\&quot;&quot;,&quot;fullTitle&quot;:&quot;Login \&quot;after each\&quot; hook for \&quot;ADMIN - Login to dashboard from browser firefox\&quot;&quot;,&quot;timedOut&quot;:false,&quot;duration&quot;:0,&quot;state&quot;:&quot;failed&quot;,&quot;pass&quot;:false,&quot;fail&quot;:true,&quot;pending&quot;:false,&quot;code&quot;:&quot;fs.mkdir(screenshootFilePath, { recursive: true }, (error) =&gt; {\n    if (error) {\n      console.error(`Terjadi kesalahan dalam membuat folder screenshoot:`, error);\n    } \n});\nawait takeScreenshot(driver, path.resolve(`${screenshootFilePath}/${(this.test?.parent.tests.findIndex(test =&gt; test.title === this.currentTest.title)) + 1}.png`));\naddContext(this, {\n    title: &#x27;Screenshoot-Test-Results&#x27;,\n    value: path.relative(fileURLToPath(import.meta.url), path.resolve(`${screenshootFilePath}/${(this.test?.parent.tests.findIndex(test =&gt; test.title === this.currentTest.title)) + 1}.png`))\n});\nawait driver.sleep(3000);\nawait driver.quit();&quot;,&quot;err&quot;:{&quot;message&quot;:&quot;TypeError: Cannot read properties of undefined (reading &#x27;findElement&#x27;)&quot;,&quot;estack&quot;:&quot;TypeError: Cannot read properties of undefined (reading &#x27;findElement&#x27;)\n    at takeScreenshot (file:///D:/allbasic/nodejs/selenium/testingapp/commons/utils/fileUtils.js:59:36)\n    at Context.&lt;anonymous&gt; (file:///D:/allbasic/nodejs/selenium/testingapp/test/app/login.js:40:15)\n    at processImmediate (node:internal/timers:466:21)&quot;},&quot;uuid&quot;:&quot;ac9c35dc-94a3-4654-ada3-d35b19213643&quot;,&quot;parentUUID&quot;:&quot;32561b09-91c7-4fa0-85ca-41378462fb51&quot;,&quot;isHook&quot;:true,&quot;skipped&quot;:false}],&quot;tests&quot;:[{&quot;title&quot;:&quot;ADMIN - Login to dashboard from browser firefox&quot;,&quot;fullTitle&quot;:&quot;Login ADMIN - Login to dashboard from browser firefox&quot;,&quot;timedOut&quot;:false,&quot;duration&quot;:26166,&quot;state&quot;:&quot;failed&quot;,&quot;pass&quot;:false,&quot;fail&quot;:true,&quot;pending&quot;:false,&quot;code&quot;:&quot;try {\n\n// Go to application\ndriver = await goToApp(browser, appHost);\nawait driver.manage().window().maximize();\n            \n// login to the application\nerrorMessages = await enterDashboard(driver, user, browser);\n            \nlet textStatus = await driver.executeScript(`return document.querySelectorAll(&#x27;h1.text-welcome&#x27;).length`);\n            \n// Jalankan skrip JavaScript untuk mengumpulkan data jaringan\nconst networkData = await driver.executeScript(`\n    const performanceEntries = performance.getEntriesByType(&#x27;resource&#x27;);\n    const requests = performanceEntries.map(entry =&gt; {\n        return {\n            entry,\n            url: entry.name,\n            method: entry.initiatorType,\n            type: entry.entryType,\n        };\n    });\n    \n    return requests;\n`);\n            \n// Tampilkan data jaringan\nlet correctUrl = await networkData.find(data =&gt; data.url.includes(\&quot;v1/user/me\&quot;));\nlet userData = await driver.executeScript(\&quot;return window.localStorage.getItem(&#x27;user&#x27;)\&quot;)\nuserData = await JSON.parse(userData);\n\nif(errorMessages.length &gt; 0) {\n    throw new Error(errorMessages);\n}\n            \nassert.strictEqual(textStatus &gt; 1, textStatus &gt; 1); \nexpect(correctUrl.url).to.includes(\&quot;v1/user/me\&quot;);\nexpect(userData.id).to.greaterThan(0);\n                        } catch (error) {\nexpect.fail(error);\n                        }&quot;,&quot;err&quot;:{&quot;message&quot;:&quot;AssertionError: WebDriverError: Reached error page: about:neterror?e=netTimeout&amp;u=http%3A//192.168.18.94%3A4000/&amp;c=UTF-8&amp;d=Server%20di%20192.168.18.94%20terlalu%20lama%20tidak%20menjawab.&quot;,&quot;estack&quot;:&quot;AssertionError: WebDriverError: Reached error page: about:neterror?e=netTimeout&amp;u=http%3A//192.168.18.94%3A4000/&amp;c=UTF-8&amp;d=Server%20di%20192.168.18.94%20terlalu%20lama%20tidak%20menjawab.\n    at Context.&lt;anonymous&gt; (file:///D:/allbasic/nodejs/selenium/testingapp/test/app/login.js:154:36)\n    at processTicksAndRejections (node:internal/process/task_queues:96:5)&quot;},&quot;uuid&quot;:&quot;c27b160e-0715-407f-b824-579a068cbeb4&quot;,&quot;parentUUID&quot;:&quot;32561b09-91c7-4fa0-85ca-41378462fb51&quot;,&quot;isHook&quot;:false,&quot;skipped&quot;:false}],&quot;suites&quot;:[],&quot;passes&quot;:[],&quot;failures&quot;:[&quot;c27b160e-0715-407f-b824-579a068cbeb4&quot;],&quot;pending&quot;:[],&quot;skipped&quot;:[],&quot;duration&quot;:26166,&quot;root&quot;:false,&quot;rootEmpty&quot;:false,&quot;_timeout&quot;:0}],&quot;passes&quot;:[],&quot;failures&quot;:[],&quot;pending&quot;:[],&quot;skipped&quot;:[],&quot;duration&quot;:0,&quot;root&quot;:true,&quot;rootEmpty&quot;:true,&quot;_timeout&quot;:0}],&quot;meta&quot;:{&quot;mocha&quot;:{&quot;version&quot;:&quot;10.2.0&quot;},&quot;mochawesome&quot;:{&quot;options&quot;:{&quot;quiet&quot;:false,&quot;reportFilename&quot;:&quot;app/login/[status]-[datetime]-report&quot;,&quot;saveHtml&quot;:true,&quot;saveJson&quot;:true,&quot;consoleReporter&quot;:&quot;spec&quot;,&quot;useInlineDiffs&quot;:false,&quot;code&quot;:true},&quot;version&quot;:&quot;7.1.3&quot;},&quot;marge&quot;:{&quot;options&quot;:{&quot;includeScreenshots&quot;:&quot;true&quot;,&quot;timestamp&quot;:&quot;longDate&quot;,&quot;overwrite&quot;:&quot;false&quot;,&quot;reportDir&quot;:&quot;testReports&quot;,&quot;reportFilename&quot;:&quot;app/login/[status]-[datetime]-report&quot;,&quot;reportPageTitle&quot;:&quot;Laporan-Harian-Testing&quot;,&quot;assetsDir&quot;:&quot;..\\..\\testReports\\assets&quot;},&quot;version&quot;:&quot;6.2.0&quot;}}}" data-config="{&quot;reportFilename&quot;:&quot;app/login/[status]-[datetime]-report&quot;,&quot;reportDir&quot;:&quot;testReports&quot;,&quot;reportTitle&quot;:&quot;testingapp&quot;,&quot;reportPageTitle&quot;:&quot;Laporan-Harian-Testing&quot;,&quot;inline&quot;:false,&quot;inlineAssets&quot;:false,&quot;assetsDir&quot;:&quot;..\\..\\testReports\\assets&quot;,&quot;cdn&quot;:false,&quot;charts&quot;:false,&quot;enableCharts&quot;:false,&quot;code&quot;:true,&quot;enableCode&quot;:true,&quot;autoOpen&quot;:false,&quot;overwrite&quot;:false,&quot;timestamp&quot;:&quot;longDate&quot;,&quot;ts&quot;:&quot;longDate&quot;,&quot;showPassed&quot;:true,&quot;showFailed&quot;:true,&quot;showPending&quot;:true,&quot;showSkipped&quot;:false,&quot;showHooks&quot;:&quot;failed&quot;,&quot;saveJson&quot;:true,&quot;saveHtml&quot;:true,&quot;dev&quot;:false,&quot;jsonFile&quot;:&quot;D:\\allbasic\\nodejs\\selenium\\testingapp\\testReports\\app\\login\\fail-June_11_2023-report.json&quot;,&quot;htmlFile&quot;:&quot;D:\\allbasic\\nodejs\\selenium\\testingapp\\testReports\\app\\login\\fail-June_11_2023-report.html&quot;}"><div id="report"></div><script src="..\..\..\testReports\assets\app.js"></script></body></html>